Flow report for washing_machine
Wed May 31 22:37:50 2023
Quartus Prime Version 22.1std.0 Build 915 10/25/2022 SC Lite Edition


---------------------
; Table of Contents ;
---------------------
  1. Legal Notice
  2. Flow Summary
  3. Flow Settings
  4. Flow Non-Default Global Settings
  5. Flow Elapsed Time
  6. Flow OS Summary
  7. Flow Log
  8. Flow Messages
  9. Flow Suppressed Messages



----------------
; Legal Notice ;
----------------
Copyright (C) 2022  Intel Corporation. All rights reserved.
Your use of Intel Corporation's design tools, logic functions 
and other software and tools, and any partner logic 
functions, and any output files from any of the foregoing 
(including device programming or simulation files), and any 
associated documentation or information are expressly subject 
to the terms and conditions of the Intel Program License 
Subscription Agreement, the Intel Quartus Prime License Agreement,
the Intel FPGA IP License Agreement, or other applicable license
agreement, including, without limitation, that your use is for
the sole purpose of programming logic devices manufactured by
Intel and sold by Intel or its authorized distributors.  Please
refer to the applicable agreement for further details, at
https://fpgasoftware.intel.com/eula.



+------------------------------------------------------------------------+
; Flow Summary                                                           ;
+-----------------------+------------------------------------------------+
; Flow Status           ; Successful - Wed May 31 22:37:50 2023          ;
; Quartus Prime Version ; 22.1std.0 Build 915 10/25/2022 SC Lite Edition ;
; Revision Name         ; washing_machine                                ;
; Top-level Entity Name ; state_controller                               ;
; Family                ; MAX V                                          ;
+-----------------------+------------------------------------------------+


+-----------------------------------------+
; Flow Settings                           ;
+-------------------+---------------------+
; Option            ; Setting             ;
+-------------------+---------------------+
; Start date & time ; 05/31/2023 22:37:38 ;
; Main task         ; Compilation         ;
; Revision Name     ; washing_machine     ;
+-------------------+---------------------+


+-------------------------------------------------------------------------------------------------------------------------------------------+
; Flow Non-Default Global Settings                                                                                                          ;
+--------------------------------------+--------------------------------+-----------------+-------------+-----------------------------------+
; Assignment Name                      ; Value                          ; Default Value   ; Entity Name ; Section Id                        ;
+--------------------------------------+--------------------------------+-----------------+-------------+-----------------------------------+
; COMPILER_SIGNATURE_ID                ; 79846615498052.168556185811608 ; --              ; --          ; --                                ;
; EDA_DESIGN_ENTRY_SYNTHESIS_TOOL      ; Synplify                       ; <None>          ; --          ; --                                ;
; EDA_DESIGN_INSTANCE_NAME             ; NA                             ; --              ; --          ; state_controller_tb               ;
; EDA_GENERATE_FUNCTIONAL_NETLIST      ; Off                            ; --              ; --          ; eda_board_design_timing           ;
; EDA_GENERATE_FUNCTIONAL_NETLIST      ; Off                            ; --              ; --          ; eda_board_design_boundary_scan    ;
; EDA_GENERATE_FUNCTIONAL_NETLIST      ; Off                            ; --              ; --          ; eda_board_design_signal_integrity ;
; EDA_GENERATE_FUNCTIONAL_NETLIST      ; Off                            ; --              ; --          ; eda_board_design_symbol           ;
; EDA_INPUT_DATA_FORMAT                ; Vqm                            ; --              ; --          ; eda_design_synthesis              ;
; EDA_LMF_FILE                         ; synplcty.lmf                   ; --              ; --          ; eda_design_synthesis              ;
; EDA_NATIVELINK_SIMULATION_TEST_BENCH ; state_controller_tb            ; --              ; --          ; eda_simulation                    ;
; EDA_OUTPUT_DATA_FORMAT               ; Verilog Hdl                    ; --              ; --          ; eda_simulation                    ;
; EDA_SIMULATION_TOOL                  ; ModelSim (Verilog)             ; <None>          ; --          ; --                                ;
; EDA_TEST_BENCH_ENABLE_STATUS         ; TEST_BENCH_MODE                ; --              ; --          ; eda_simulation                    ;
; EDA_TEST_BENCH_FILE                  ; state_controller_tb.vhd        ; --              ; --          ; state_controller_tb               ;
; EDA_TEST_BENCH_MODULE_NAME           ; state_controller_tb            ; --              ; --          ; state_controller_tb               ;
; EDA_TEST_BENCH_NAME                  ; state_controller_tb            ; --              ; --          ; eda_simulation                    ;
; EDA_TIME_SCALE                       ; 1 ps                           ; --              ; --          ; eda_simulation                    ;
; PROJECT_OUTPUT_DIRECTORY             ; output_files                   ; --              ; --          ; --                                ;
; TOP_LEVEL_ENTITY                     ; state_controller               ; washing_machine ; --          ; --                                ;
+--------------------------------------+--------------------------------+-----------------+-------------+-----------------------------------+


+----------------------------------------------------------------------------------------------------------------------------+
; Flow Elapsed Time                                                                                                          ;
+------------------------+--------------+-------------------------+---------------------+------------------------------------+
; Module Name            ; Elapsed Time ; Average Processors Used ; Peak Virtual Memory ; Total CPU Time (on all processors) ;
+------------------------+--------------+-------------------------+---------------------+------------------------------------+
; Analysis & Elaboration ; 00:00:12     ; 1.0                     ; 4774 MB             ; 00:00:35                           ;
; Total                  ; 00:00:12     ; --                      ; --                  ; 00:00:35                           ;
+------------------------+--------------+-------------------------+---------------------+------------------------------------+


+--------------------------------------------------------------------------------------+
; Flow OS Summary                                                                      ;
+------------------------+------------------+------------+------------+----------------+
; Module Name            ; Machine Hostname ; OS Name    ; OS Version ; Processor type ;
+------------------------+------------------+------------+------------+----------------+
; Analysis & Elaboration ; LAPTOP-OSHGSKBO  ; Windows 10 ; 10.0       ; x86_64         ;
+------------------------+------------------+------------+------------+----------------+


------------
; Flow Log ;
------------
quartus_map --read_settings_files=on --write_settings_files=off washing_machine -c washing_machine --analysis_and_elaboration



